CRITICAL - 2022-01-05 12:11:38 --> The framework needs the following extension(s) installed and loaded: intl.
#0 /var/www/html/codeigniter4/codeigniter4/system/CodeIgniter.php(219): CodeIgniter\Exceptions\FrameworkException::forMissingExtension()
#1 /var/www/html/codeigniter4/codeigniter4/system/CodeIgniter.php(177): CodeIgniter\CodeIgniter->resolvePlatformExtensions()
#2 /var/www/html/codeigniter4/codeigniter4/system/bootstrap.php(146): CodeIgniter\CodeIgniter->initialize()
#3 /var/www/html/codeigniter4/codeigniter4/spark(45): require('/var/www/html/c...')
#4 {main}
CRITICAL - 2022-01-05 12:48:19 --> The framework needs the following extension(s) installed and loaded: intl.
#0 /var/www/html/codeigniter4/codeigniter4/system/CodeIgniter.php(219): CodeIgniter\Exceptions\FrameworkException::forMissingExtension()
#1 /var/www/html/codeigniter4/codeigniter4/system/CodeIgniter.php(177): CodeIgniter\CodeIgniter->resolvePlatformExtensions()
#2 /var/www/html/codeigniter4/codeigniter4/system/bootstrap.php(146): CodeIgniter\CodeIgniter->initialize()
#3 /var/www/html/codeigniter4/codeigniter4/spark(45): require('/var/www/html/c...')
#4 {main}
CRITICAL - 2022-01-05 12:50:33 --> Call to undefined function CodeIgniter\locale_set_default()
#0 /var/www/html/codeigniter4/codeigniter4/system/bootstrap.php(146): CodeIgniter\CodeIgniter->initialize()
#1 /var/www/html/codeigniter4/codeigniter4/spark(45): require('/var/www/html/c...')
#2 {main}
CRITICAL - 2022-01-05 01:29:07 --> Invalid file: {0}
#0 /var/www/html/codeigniter4/codeigniter4/system/View/View.php(198): CodeIgniter\Exceptions\FrameworkException::forInvalidFile()
#1 /var/www/html/codeigniter4/codeigniter4/system/Common.php(1089): CodeIgniter\View\View->render()
#2 /var/www/html/codeigniter4/codeigniter4/app/Controllers/Home.php(9): view()
#3 /var/www/html/codeigniter4/codeigniter4/system/CodeIgniter.php(826): App\Controllers\Home->index()
#4 /var/www/html/codeigniter4/codeigniter4/system/CodeIgniter.php(413): CodeIgniter\CodeIgniter->runController()
#5 /var/www/html/codeigniter4/codeigniter4/system/CodeIgniter.php(321): CodeIgniter\CodeIgniter->handleRequest()
#6 /var/www/html/codeigniter4/codeigniter4/public/index.php(37): CodeIgniter\CodeIgniter->run()
#7 /var/www/html/codeigniter4/codeigniter4/system/Commands/Server/rewrite.php(43): require_once('/var/www/html/c...')
#8 {main}
CRITICAL - 2022-01-05 01:32:20 --> Call to a member function view() on null
#0 /var/www/html/codeigniter4/codeigniter4/system/CodeIgniter.php(826): App\Controllers\Home->index()
#1 /var/www/html/codeigniter4/codeigniter4/system/CodeIgniter.php(413): CodeIgniter\CodeIgniter->runController()
#2 /var/www/html/codeigniter4/codeigniter4/system/CodeIgniter.php(321): CodeIgniter\CodeIgniter->handleRequest()
#3 /var/www/html/codeigniter4/codeigniter4/public/index.php(37): CodeIgniter\CodeIgniter->run()
#4 /var/www/html/codeigniter4/codeigniter4/system/Commands/Server/rewrite.php(43): require_once('/var/www/html/c...')
#5 {main}
CRITICAL - 2022-01-05 01:32:26 --> Call to a member function view() on null
#0 /var/www/html/codeigniter4/codeigniter4/system/CodeIgniter.php(826): App\Controllers\Home->index()
#1 /var/www/html/codeigniter4/codeigniter4/system/CodeIgniter.php(413): CodeIgniter\CodeIgniter->runController()
#2 /var/www/html/codeigniter4/codeigniter4/system/CodeIgniter.php(321): CodeIgniter\CodeIgniter->handleRequest()
#3 /var/www/html/codeigniter4/codeigniter4/public/index.php(37): CodeIgniter\CodeIgniter->run()
#4 /var/www/html/codeigniter4/codeigniter4/system/Commands/Server/rewrite.php(43): require_once('/var/www/html/c...')
#5 {main}
CRITICAL - 2022-01-05 01:32:28 --> Call to a member function view() on null
#0 /var/www/html/codeigniter4/codeigniter4/system/CodeIgniter.php(826): App\Controllers\Home->index()
#1 /var/www/html/codeigniter4/codeigniter4/system/CodeIgniter.php(413): CodeIgniter\CodeIgniter->runController()
#2 /var/www/html/codeigniter4/codeigniter4/system/CodeIgniter.php(321): CodeIgniter\CodeIgniter->handleRequest()
#3 /var/www/html/codeigniter4/codeigniter4/public/index.php(37): CodeIgniter\CodeIgniter->run()
#4 /var/www/html/codeigniter4/codeigniter4/system/Commands/Server/rewrite.php(43): require_once('/var/www/html/c...')
#5 {main}
CRITICAL - 2022-01-05 01:32:30 --> Call to a member function view() on null
#0 /var/www/html/codeigniter4/codeigniter4/system/CodeIgniter.php(826): App\Controllers\Home->index()
#1 /var/www/html/codeigniter4/codeigniter4/system/CodeIgniter.php(413): CodeIgniter\CodeIgniter->runController()
#2 /var/www/html/codeigniter4/codeigniter4/system/CodeIgniter.php(321): CodeIgniter\CodeIgniter->handleRequest()
#3 /var/www/html/codeigniter4/codeigniter4/public/index.php(37): CodeIgniter\CodeIgniter->run()
#4 /var/www/html/codeigniter4/codeigniter4/system/Commands/Server/rewrite.php(43): require_once('/var/www/html/c...')
#5 {main}
